1522352484613	geckodriver	INFO	geckodriver 0.19.1
1522352484683	geckodriver	INFO	Listening on 127.0.0.1:60925
1522352486084	mozrunner::runner	INFO	Running command: "/Applications/Firefox.app/Contents/MacOS/firefox-bin" "-marionette" "-profile" "/var/folders/29/b2s8q19d67z5cv5ng8b93cfw0000gp/T/rust_mozprofile.nlzmqJH437jC"
1522352486892	Marionette	INFO	Enabled via --marionette
2018-03-29 14:41:27.770 plugin-container[53425:7557959] *** CFMessagePort: bootstrap_register(): failed 1100 (0x44c) 'Permission denied', port = 0x15003, name = 'com.apple.tsm.portname'
See /usr/include/servers/bootstrap_defs.h for the error codes.
1522352488546	Marionette	INFO	Listening on port 60936
1522352488596	Marionette	WARN	TLS certificate errors will be ignored for this session
2018-03-29 14:41:29.927 plugin-container[53453:7558364] *** CFMessagePort: bootstrap_register(): failed 1100 (0x44c) 'Permission denied', port = 0x1533f, name = 'com.apple.tsm.portname'
See /usr/include/servers/bootstrap_defs.h for the error codes.
2018-03-29 14:41:49.423 plugin-container[53458:7560116] *** CFMessagePort: bootstrap_register(): failed 1100 (0x44c) 'Permission denied', port = 0xac43, name = 'com.apple.tsm.portname'
See /usr/include/servers/bootstrap_defs.h for the error codes.
*** UTM:SVC TimerManager:registerTimer called after profile-before-change notification. Ignoring timer registration for id: telemetry_modules_ping
1522353081722	geckodriver	INFO	geckodriver 0.19.1
1522353081799	geckodriver	INFO	Listening on 127.0.0.1:61232
1522353082899	mozrunner::runner	INFO	Running command: "/Applications/Firefox.app/Contents/MacOS/firefox-bin" "-marionette" "-profile" "/var/folders/29/b2s8q19d67z5cv5ng8b93cfw0000gp/T/rust_mozprofile.fhngsN5wHGAL"
1522353083660	Marionette	INFO	Enabled via --marionette
2018-03-29 14:51:24.638 plugin-container[56304:7611016] *** CFMessagePort: bootstrap_register(): failed 1100 (0x44c) 'Permission denied', port = 0x1503b, name = 'com.apple.tsm.portname'
See /usr/include/servers/bootstrap_defs.h for the error codes.
1522353085028	Marionette	INFO	Listening on port 61243
1522353085102	Marionette	WARN	TLS certificate errors will be ignored for this session
2018-03-29 14:51:25.582 plugin-container[56306:7611108] *** CFMessagePort: bootstrap_register(): failed 1100 (0x44c) 'Permission denied', port = 0x1543f, name = 'com.apple.tsm.portname'
See /usr/include/servers/bootstrap_defs.h for the error codes.
2018-03-29 14:51:42.022 plugin-container[56347:7612982] *** CFMessagePort: bootstrap_register(): failed 1100 (0x44c) 'Permission denied', port = 0xac3b, name = 'com.apple.tsm.portname'
See /usr/include/servers/bootstrap_defs.h for the error codes.
*** UTM:SVC TimerManager:registerTimer called after profile-before-change notification. Ignoring timer registration for id: telemetry_modules_ping
1522353284368	geckodriver	INFO	geckodriver 0.19.1
1522353284438	geckodriver	INFO	Listening on 127.0.0.1:61346
1522353285518	mozrunner::runner	INFO	Running command: "/Applications/Firefox.app/Contents/MacOS/firefox-bin" "-marionette" "-profile" "/var/folders/29/b2s8q19d67z5cv5ng8b93cfw0000gp/T/rust_mozprofile.bHZlLpnNhdw5"
1522353286228	Marionette	INFO	Enabled via --marionette
2018-03-29 14:54:47.106 plugin-container[59320:7637604] *** CFMessagePort: bootstrap_register(): failed 1100 (0x44c) 'Permission denied', port = 0x1503f, name = 'com.apple.tsm.portname'
See /usr/include/servers/bootstrap_defs.h for the error codes.
1522353287476	Marionette	INFO	Listening on port 61357
1522353287506	Marionette	WARN	TLS certificate errors will be ignored for this session
2018-03-29 14:54:48.047 plugin-container[59323:7637730] *** CFMessagePort: bootstrap_register(): failed 1100 (0x44c) 'Permission denied', port = 0x1532b, name = 'com.apple.tsm.portname'
See /usr/include/servers/bootstrap_defs.h for the error codes.
